@!@!@STARTMSG 2262:0 @!@!@
TLC2 Version 2.16 of 31 December 2020 (rev: cdddf55)
@!@!@ENDMSG 2262 @!@!@
@!@!@STARTMSG 2187:0 @!@!@
Running breadth-first search Model-Checking with fp 51 and seed 7125278955725221782 with 4 workers on 8 cores with 2363MB heap and 5312MB offheap memory [pid: 1189089] (Linux 5.19.16-200.fc36.x86_64 amd64, AdoptOpenJDK 14.0.1 x86_64, OffHeapDiskFPSet, DiskStateQueue).
@!@!@ENDMSG 2187 @!@!@
@!@!@STARTMSG 2220:0 @!@!@
Starting SANY...
@!@!@ENDMSG 2220 @!@!@
Parsing file /home/jstrunk/src/tlaplus/tla-kubernetes/KubeAPI.toolbox/Model_1/MC.tla
Parsing file /home/jstrunk/src/tlaplus/tla-kubernetes/KubeAPI.toolbox/Model_1/KubeAPI.tla
Parsing file /home/jstrunk/src/tlaplus/toolbox/plugins/org.lamport.tlatools_1.0.0.202012311918/tla2sany/StandardModules/TLC.tla
Parsing file /home/jstrunk/src/tlaplus/toolbox/plugins/org.lamport.tlatools_1.0.0.202012311918/tla2sany/StandardModules/FiniteSets.tla
Parsing file /home/jstrunk/src/tlaplus/toolbox/plugins/org.lamport.tlatools_1.0.0.202012311918/tla2sany/StandardModules/Naturals.tla
Parsing file /home/jstrunk/src/tlaplus/toolbox/plugins/org.lamport.tlatools_1.0.0.202012311918/tla2sany/StandardModules/Sequences.tla
Semantic processing of module Naturals
Semantic processing of module Sequences
Semantic processing of module FiniteSets
Semantic processing of module TLC
Semantic processing of module KubeAPI
Semantic processing of module MC
@!@!@STARTMSG 2219:0 @!@!@
SANY finished.
@!@!@ENDMSG 2219 @!@!@
@!@!@STARTMSG 2185:0 @!@!@
Starting... (2022-10-28 16:39:48)
@!@!@ENDMSG 2185 @!@!@
@!@!@STARTMSG 2189:0 @!@!@
Computing initial states...
@!@!@ENDMSG 2189 @!@!@
@!@!@STARTMSG 2190:0 @!@!@
Finished computing initial states: 2 distinct states generated at 2022-10-28 16:39:49.
@!@!@ENDMSG 2190 @!@!@
@!@!@STARTMSG 2200:0 @!@!@
Progress(90) at 2022-10-28 16:39:52: 538,163 states generated (538,163 s/min), 153,391 distinct states found (153,391 ds/min), 906 states left on queue.
@!@!@ENDMSG 2200 @!@!@
@!@!@STARTMSG 2193:0 @!@!@
Model checking completed. No error has been found.
  Estimates of the probability that TLC did not check all reachable states
  because two distinct states had the same fingerprint:
  calculated (optimistic):  val = 3.7E-9
  based on the actual fingerprints:  val = 9.9E-10
@!@!@ENDMSG 2193 @!@!@
@!@!@STARTMSG 2201:0 @!@!@
The coverage statistics at 2022-10-28 16:39:57
@!@!@ENDMSG 2201 @!@!@
@!@!@STARTMSG 2773:0 @!@!@
<Init line 455, col 1 to line 455, col 4 of module KubeAPI>: 2:2
@!@!@ENDMSG 2773 @!@!@
@!@!@STARTMSG 2221:0 @!@!@
  line 456, col 12 to line 456, col 24 of module KubeAPI: 1
@!@!@ENDMSG 2221 @!@!@
@!@!@STARTMSG 2221:0 @!@!@
  line 457, col 12 to line 457, col 39 of module KubeAPI: 1
@!@!@ENDMSG 2221 @!@!@
@!@!@STARTMSG 2221:0 @!@!@
  line 458, col 12 to line 458, col 43 of module KubeAPI: 1
@!@!@ENDMSG 2221 @!@!@
@!@!@STARTMSG 2221:0 @!@!@
  line 460, col 12 to line 460, col 56 of module KubeAPI: 1
@!@!@ENDMSG 2221 @!@!@
@!@!@STARTMSG 2221:0 @!@!@
  line 461, col 12 to line 461, col 57 of module KubeAPI: 1
@!@!@ENDMSG 2221 @!@!@
@!@!@STARTMSG 2221:0 @!@!@
  line 463, col 12 to line 463, col 58 of module KubeAPI: 1
@!@!@ENDMSG 2221 @!@!@
@!@!@STARTMSG 2221:0 @!@!@
  line 465, col 12 to line 465, col 54 of module KubeAPI: 1
@!@!@ENDMSG 2221 @!@!@
@!@!@STARTMSG 2221:0 @!@!@
  line 466, col 12 to line 466, col 47 of module KubeAPI: 2
@!@!@ENDMSG 2221 @!@!@
@!@!@STARTMSG 2221:0 @!@!@
  line 467, col 12 to line 469, col 77 of module KubeAPI: 2
@!@!@ENDMSG 2221 @!@!@
@!@!@STARTMSG 2772:0 @!@!@
<DoRequest line 471, col 1 to line 471, col 15 of module KubeAPI>: 19655:149766
@!@!@ENDMSG 2772 @!@!@
@!@!@STARTMSG 2221:0 @!@!@
  line 471, col 23 to line 471, col 44 of module KubeAPI: 540146
@!@!@ENDMSG 2221 @!@!@
@!@!@STARTMSG 2221:0 @!@!@
  |line 471, col 23 to line 471, col 30 of module KubeAPI: 490224
@!@!@ENDMSG 2221 @!@!@
@!@!@STARTMSG 2221:0 @!@!@
  line 472, col 26 to line 475, col 53 of module KubeAPI: 49922
@!@!@ENDMSG 2221 @!@!@
@!@!@STARTMSG 2221:0 @!@!@
  line 476, col 29 to line 476, col 69 of module KubeAPI: 49922
@!@!@ENDMSG 2221 @!@!@
@!@!@STARTMSG 2221:0 @!@!@
  line 477, col 29 to line 480, col 53 of module KubeAPI: 99844
@!@!@ENDMSG 2221 @!@!@
@!@!@STARTMSG 2221:0 @!@!@
  line 481, col 23 to line 481, col 59 of module KubeAPI: 149766
@!@!@ENDMSG 2221 @!@!@
@!@!@STARTMSG 2221:0 @!@!@
  line 482, col 23 to line 483, col 59 of module KubeAPI: 149766
@!@!@ENDMSG 2221 @!@!@
@!@!@STARTMSG 2772:0 @!@!@
<DoReply line 485, col 1 to line 485, col 13 of module KubeAPI>: 21141:67334
@!@!@ENDMSG 2772 @!@!@
@!@!@STARTMSG 2221:0 @!@!@
  line 485, col 21 to line 485, col 40 of module KubeAPI: 523891
@!@!@ENDMSG 2221 @!@!@
@!@!@STARTMSG 2221:0 @!@!@
  |line 485, col 21 to line 485, col 28 of module KubeAPI: 490224
@!@!@ENDMSG 2221 @!@!@
@!@!@STARTMSG 2221:0 @!@!@
  line 486, col 21 to line 486, col 53 of module KubeAPI: 85128
@!@!@ENDMSG 2221 @!@!@
@!@!@STARTMSG 2221:0 @!@!@
  |line 486, col 21 to line 486, col 41 of module KubeAPI: 51461
@!@!@ENDMSG 2221 @!@!@
@!@!@STARTMSG 2221:0 @!@!@
  line 487, col 27 to line 487, col 30 of module KubeAPI: 33667
@!@!@ENDMSG 2221 @!@!@
@!@!@STARTMSG 2221:0 @!@!@
  line 488, col 27 to line 488, col 44 of module KubeAPI: 33667
@!@!@ENDMSG 2221 @!@!@
@!@!@STARTMSG 2221:0 @!@!@
  line 489, col 24 to line 490, col 80 of module KubeAPI: 33667
@!@!@ENDMSG 2221 @!@!@
@!@!@STARTMSG 2221:0 @!@!@
  line 491, col 21 to line 491, col 68 of module KubeAPI: 67334
@!@!@ENDMSG 2221 @!@!@
@!@!@STARTMSG 2221:0 @!@!@
  line 492, col 21 to line 492, col 68 of module KubeAPI: 67334
@!@!@ENDMSG 2221 @!@!@
@!@!@STARTMSG 2221:0 @!@!@
  line 493, col 21 to line 493, col 71 of module KubeAPI: 67334
@!@!@ENDMSG 2221 @!@!@
@!@!@STARTMSG 2221:0 @!@!@
  line 494, col 21 to line 494, col 71 of module KubeAPI: 67334
@!@!@ENDMSG 2221 @!@!@
@!@!@STARTMSG 2221:0 @!@!@
  line 495, col 21 to line 495, col 81 of module KubeAPI: 67334
@!@!@ENDMSG 2221 @!@!@
@!@!@STARTMSG 2772:0 @!@!@
<DoListRequest line 499, col 1 to line 499, col 19 of module KubeAPI>: 10094:82416
@!@!@ENDMSG 2772 @!@!@
@!@!@STARTMSG 2221:0 @!@!@
  line 499, col 27 to line 499, col 52 of module KubeAPI: 517696
@!@!@ENDMSG 2221 @!@!@
@!@!@STARTMSG 2221:0 @!@!@
  |line 499, col 27 to line 499, col 34 of module KubeAPI: 490224
@!@!@ENDMSG 2221 @!@!@
@!@!@STARTMSG 2221:0 @!@!@
  line 500, col 30 to line 503, col 65 of module KubeAPI: 27472
@!@!@ENDMSG 2221 @!@!@
@!@!@STARTMSG 2221:0 @!@!@
  line 504, col 33 to line 504, col 73 of module KubeAPI: 27472
@!@!@ENDMSG 2221 @!@!@
@!@!@STARTMSG 2221:0 @!@!@
  line 505, col 33 to line 508, col 65 of module KubeAPI: 54944
@!@!@ENDMSG 2221 @!@!@
@!@!@STARTMSG 2221:0 @!@!@
  line 509, col 27 to line 509, col 67 of module KubeAPI: 82416
@!@!@ENDMSG 2221 @!@!@
@!@!@STARTMSG 2221:0 @!@!@
  line 510, col 27 to line 511, col 63 of module KubeAPI: 82416
@!@!@ENDMSG 2221 @!@!@
@!@!@STARTMSG 2772:0 @!@!@
<DoListReply line 513, col 1 to line 513, col 17 of module KubeAPI>: 11718:70584
@!@!@ENDMSG 2772 @!@!@
@!@!@STARTMSG 2221:0 @!@!@
  line 513, col 25 to line 513, col 48 of module KubeAPI: 525516
@!@!@ENDMSG 2221 @!@!@
@!@!@STARTMSG 2221:0 @!@!@
  |line 513, col 25 to line 513, col 32 of module KubeAPI: 490224
@!@!@ENDMSG 2221 @!@!@
@!@!@STARTMSG 2221:0 @!@!@
  line 514, col 25 to line 514, col 61 of module KubeAPI: 79849
@!@!@ENDMSG 2221 @!@!@
@!@!@STARTMSG 2221:0 @!@!@
  |line 514, col 25 to line 514, col 49 of module KubeAPI: 44557
@!@!@ENDMSG 2221 @!@!@
@!@!@STARTMSG 2221:0 @!@!@
  line 515, col 31 to line 515, col 34 of module KubeAPI: 35292
@!@!@ENDMSG 2221 @!@!@
@!@!@STARTMSG 2221:0 @!@!@
  line 516, col 31 to line 516, col 52 of module KubeAPI: 35292
@!@!@ENDMSG 2221 @!@!@
@!@!@STARTMSG 2221:0 @!@!@
  line 517, col 28 to line 519, col 92 of module KubeAPI: 35292
@!@!@ENDMSG 2221 @!@!@
@!@!@STARTMSG 2221:0 @!@!@
  line 520, col 25 to line 520, col 72 of module KubeAPI: 70584
@!@!@ENDMSG 2221 @!@!@
@!@!@STARTMSG 2221:0 @!@!@
  line 521, col 25 to line 521, col 78 of module KubeAPI: 70584
@!@!@ENDMSG 2221 @!@!@
@!@!@STARTMSG 2221:0 @!@!@
  line 522, col 25 to line 522, col 75 of module KubeAPI: 70584
@!@!@ENDMSG 2221 @!@!@
@!@!@STARTMSG 2221:0 @!@!@
  line 523, col 25 to line 524, col 55 of module KubeAPI: 70584
@!@!@ENDMSG 2221 @!@!@
@!@!@STARTMSG 2772:0 @!@!@
<CStart line 528, col 1 to line 528, col 12 of module KubeAPI>: 16702:54342
@!@!@ENDMSG 2772 @!@!@
@!@!@STARTMSG 2221:0 @!@!@
  line 528, col 20 to line 528, col 38 of module KubeAPI: 190579
@!@!@ENDMSG 2221 @!@!@
@!@!@STARTMSG 2221:0 @!@!@
  |line 528, col 20 to line 528, col 27 of module KubeAPI: 163408
@!@!@ENDMSG 2221 @!@!@
@!@!@STARTMSG 2221:0 @!@!@
  line 529, col 23 to line 529, col 83 of module KubeAPI: 27171
@!@!@ENDMSG 2221 @!@!@
@!@!@STARTMSG 2221:0 @!@!@
  line 530, col 26 to line 530, col 29 of module KubeAPI: 27171
@!@!@ENDMSG 2221 @!@!@
@!@!@STARTMSG 2221:0 @!@!@
  line 531, col 26 to line 531, col 50 of module KubeAPI: 27171
@!@!@ENDMSG 2221 @!@!@
@!@!@STARTMSG 2221:0 @!@!@
  line 532, col 23 to line 532, col 44 of module KubeAPI: 54342
@!@!@ENDMSG 2221 @!@!@
@!@!@STARTMSG 2221:0 @!@!@
  line 533, col 28 to line 541, col 42 of module KubeAPI: 52087
@!@!@ENDMSG 2221 @!@!@
@!@!@STARTMSG 2221:0 @!@!@
  line 542, col 31 to line 546, col 82 of module KubeAPI: 2255
@!@!@ENDMSG 2221 @!@!@
@!@!@STARTMSG 2221:0 @!@!@
  line 547, col 31 to line 547, col 73 of module KubeAPI: 2255
@!@!@ENDMSG 2221 @!@!@
@!@!@STARTMSG 2221:0 @!@!@
  line 548, col 31 to line 548, col 53 of module KubeAPI: 2255
@!@!@ENDMSG 2221 @!@!@
@!@!@STARTMSG 2221:0 @!@!@
  line 549, col 20 to line 549, col 67 of module KubeAPI: 54342
@!@!@ENDMSG 2221 @!@!@
@!@!@STARTMSG 2772:0 @!@!@
<C1 line 551, col 1 to line 551, col 8 of module KubeAPI>: 8396:13373
@!@!@ENDMSG 2772 @!@!@
@!@!@STARTMSG 2221:0 @!@!@
  line 551, col 16 to line 551, col 30 of module KubeAPI: 176781
@!@!@ENDMSG 2221 @!@!@
@!@!@STARTMSG 2221:0 @!@!@
  |line 551, col 16 to line 551, col 23 of module KubeAPI: 163408
@!@!@ENDMSG 2221 @!@!@
@!@!@STARTMSG 2221:0 @!@!@
  line 552, col 19 to line 552, col 46 of module KubeAPI: 13373
@!@!@ENDMSG 2221 @!@!@
@!@!@STARTMSG 2221:0 @!@!@
  line 553, col 24 to line 553, col 62 of module KubeAPI: 7116
@!@!@ENDMSG 2221 @!@!@
@!@!@STARTMSG 2221:0 @!@!@
  line 554, col 24 to line 554, col 59 of module KubeAPI: 6257
@!@!@ENDMSG 2221 @!@!@
@!@!@STARTMSG 2221:0 @!@!@
  line 555, col 16 to line 556, col 52 of module KubeAPI: 13373
@!@!@ENDMSG 2221 @!@!@
@!@!@STARTMSG 2772:0 @!@!@
<C10 line 558, col 1 to line 558, col 9 of module KubeAPI>: 4495:6257
@!@!@ENDMSG 2772 @!@!@
@!@!@STARTMSG 2221:0 @!@!@
  line 558, col 17 to line 558, col 32 of module KubeAPI: 169665
@!@!@ENDMSG 2221 @!@!@
@!@!@STARTMSG 2221:0 @!@!@
  |line 558, col 17 to line 558, col 24 of module KubeAPI: 163408
@!@!@ENDMSG 2221 @!@!@
@!@!@STARTMSG 2221:0 @!@!@
  line 559, col 17 to line 565, col 68 of module KubeAPI: 6257
@!@!@ENDMSG 2221 @!@!@
@!@!@STARTMSG 2221:0 @!@!@
  line 566, col 17 to line 566, col 55 of module KubeAPI: 6257
@!@!@ENDMSG 2221 @!@!@
@!@!@STARTMSG 2221:0 @!@!@
  line 567, col 17 to line 568, col 47 of module KubeAPI: 6257
@!@!@ENDMSG 2221 @!@!@
@!@!@STARTMSG 2772:0 @!@!@
<C11 line 570, col 1 to line 570, col 9 of module KubeAPI>: 5337:8877
@!@!@ENDMSG 2772 @!@!@
@!@!@STARTMSG 2221:0 @!@!@
  line 570, col 17 to line 570, col 32 of module KubeAPI: 172285
@!@!@ENDMSG 2221 @!@!@
@!@!@STARTMSG 2221:0 @!@!@
  |line 570, col 17 to line 570, col 24 of module KubeAPI: 163408
@!@!@ENDMSG 2221 @!@!@
@!@!@STARTMSG 2221:0 @!@!@
  line 571, col 20 to line 571, col 47 of module KubeAPI: 8877
@!@!@ENDMSG 2221 @!@!@
@!@!@STARTMSG 2221:0 @!@!@
  line 572, col 25 to line 572, col 63 of module KubeAPI: 6257
@!@!@ENDMSG 2221 @!@!@
@!@!@STARTMSG 2221:0 @!@!@
  line 573, col 25 to line 573, col 60 of module KubeAPI: 2620
@!@!@ENDMSG 2221 @!@!@
@!@!@STARTMSG 2221:0 @!@!@
  line 574, col 17 to line 575, col 53 of module KubeAPI: 8877
@!@!@ENDMSG 2221 @!@!@
@!@!@STARTMSG 2772:0 @!@!@
<c12 line 577, col 1 to line 577, col 9 of module KubeAPI>: 1566:2620
@!@!@ENDMSG 2772 @!@!@
@!@!@STARTMSG 2221:0 @!@!@
  line 577, col 17 to line 577, col 32 of module KubeAPI: 166028
@!@!@ENDMSG 2221 @!@!@
@!@!@STARTMSG 2221:0 @!@!@
  |line 577, col 17 to line 577, col 24 of module KubeAPI: 163408
@!@!@ENDMSG 2221 @!@!@
@!@!@STARTMSG 2221:0 @!@!@
  line 578, col 17 to line 584, col 68 of module KubeAPI: 2620
@!@!@ENDMSG 2221 @!@!@
@!@!@STARTMSG 2221:0 @!@!@
  line 585, col 17 to line 585, col 55 of module KubeAPI: 2620
@!@!@ENDMSG 2221 @!@!@
@!@!@STARTMSG 2221:0 @!@!@
  line 586, col 17 to line 587, col 47 of module KubeAPI: 2620
@!@!@ENDMSG 2221 @!@!@
@!@!@STARTMSG 2772:0 @!@!@
<C13 line 589, col 1 to line 589, col 9 of module KubeAPI>: 6556:12302
@!@!@ENDMSG 2772 @!@!@
@!@!@STARTMSG 2221:0 @!@!@
  line 589, col 17 to line 589, col 32 of module KubeAPI: 175710
@!@!@ENDMSG 2221 @!@!@
@!@!@STARTMSG 2221:0 @!@!@
  |line 589, col 17 to line 589, col 24 of module KubeAPI: 163408
@!@!@ENDMSG 2221 @!@!@
@!@!@STARTMSG 2221:0 @!@!@
  line 590, col 20 to line 590, col 83 of module KubeAPI: 12302
@!@!@ENDMSG 2221 @!@!@
@!@!@STARTMSG 2221:0 @!@!@
  |line 590, col 20 to line 590, col 47 of module KubeAPI: 12302
@!@!@ENDMSG 2221 @!@!@
@!@!@STARTMSG 2221:0 @!@!@
  |line 590, col 52 to line 590, col 83 of module KubeAPI: 4841
@!@!@ENDMSG 2221 @!@!@
@!@!@STARTMSG 2221:0 @!@!@
  ||line 444, col 22 to line 446, col 58 of module KubeAPI: 4841
@!@!@ENDMSG 2221 @!@!@
@!@!@STARTMSG 2221:0 @!@!@
  |||line 444, col 25 to line 444, col 37 of module KubeAPI: 4841
@!@!@ENDMSG 2221 @!@!@
@!@!@STARTMSG 2221:0 @!@!@
  |||line 445, col 25 to line 446, col 58 of module KubeAPI: 4841
@!@!@ENDMSG 2221 @!@!@
@!@!@STARTMSG 2221:0 @!@!@
  ||||line 445, col 28 to line 445, col 51 of module KubeAPI: 4841
@!@!@ENDMSG 2221 @!@!@
@!@!@STARTMSG 2221:0 @!@!@
  ||||line 446, col 28 to line 446, col 58 of module KubeAPI: 770
@!@!@ENDMSG 2221 @!@!@
@!@!@STARTMSG 2221:0 @!@!@
  ||line 590, col 65 to line 590, col 82 of module KubeAPI: 4841
@!@!@ENDMSG 2221 @!@!@
@!@!@STARTMSG 2221:0 @!@!@
  line 591, col 25 to line 591, col 63 of module KubeAPI: 11532
@!@!@ENDMSG 2221 @!@!@
@!@!@STARTMSG 2221:0 @!@!@
  line 592, col 25 to line 592, col 59 of module KubeAPI: 770
@!@!@ENDMSG 2221 @!@!@
@!@!@STARTMSG 2221:0 @!@!@
  line 593, col 17 to line 594, col 53 of module KubeAPI: 12302
@!@!@ENDMSG 2221 @!@!@
@!@!@STARTMSG 2772:0 @!@!@
<C2 line 596, col 1 to line 596, col 8 of module KubeAPI>: 364:770
@!@!@ENDMSG 2772 @!@!@
@!@!@STARTMSG 2221:0 @!@!@
  line 596, col 16 to line 596, col 30 of module KubeAPI: 164178
@!@!@ENDMSG 2221 @!@!@
@!@!@STARTMSG 2221:0 @!@!@
  |line 596, col 16 to line 596, col 23 of module KubeAPI: 163408
@!@!@ENDMSG 2221 @!@!@
@!@!@STARTMSG 2221:0 @!@!@
  line 597, col 16 to line 597, col 74 of module KubeAPI: 770
@!@!@ENDMSG 2221 @!@!@
@!@!@STARTMSG 2221:0 @!@!@
  line 598, col 16 to line 599, col 68 of module KubeAPI: 770
@!@!@ENDMSG 2221 @!@!@
@!@!@STARTMSG 2221:0 @!@!@
  line 600, col 16 to line 600, col 47 of module KubeAPI: 770
@!@!@ENDMSG 2221 @!@!@
@!@!@STARTMSG 2221:0 @!@!@
  line 601, col 16 to line 602, col 35 of module KubeAPI: 770
@!@!@ENDMSG 2221 @!@!@
@!@!@STARTMSG 2772:0 @!@!@
<C3 line 604, col 1 to line 604, col 8 of module KubeAPI>: 854:1346
@!@!@ENDMSG 2772 @!@!@
@!@!@STARTMSG 2221:0 @!@!@
  line 604, col 16 to line 604, col 30 of module KubeAPI: 164754
@!@!@ENDMSG 2221 @!@!@
@!@!@STARTMSG 2221:0 @!@!@
  |line 604, col 16 to line 604, col 23 of module KubeAPI: 163408
@!@!@ENDMSG 2221 @!@!@
@!@!@STARTMSG 2221:0 @!@!@
  line 605, col 19 to line 605, col 50 of module KubeAPI: 1346
@!@!@ENDMSG 2221 @!@!@
@!@!@STARTMSG 2221:0 @!@!@
  line 606, col 24 to line 606, col 62 of module KubeAPI: 673
@!@!@ENDMSG 2221 @!@!@
@!@!@STARTMSG 2221:0 @!@!@
  line 607, col 24 to line 607, col 58 of module KubeAPI: 673
@!@!@ENDMSG 2221 @!@!@
@!@!@STARTMSG 2221:0 @!@!@
  line 608, col 16 to line 609, col 52 of module KubeAPI: 1346
@!@!@ENDMSG 2221 @!@!@
@!@!@STARTMSG 2772:0 @!@!@
<C8 line 611, col 1 to line 611, col 8 of module KubeAPI>: 463:673
@!@!@ENDMSG 2772 @!@!@
@!@!@STARTMSG 2221:0 @!@!@
  line 611, col 16 to line 611, col 30 of module KubeAPI: 164081
@!@!@ENDMSG 2221 @!@!@
@!@!@STARTMSG 2221:0 @!@!@
  |line 611, col 16 to line 611, col 23 of module KubeAPI: 163408
@!@!@ENDMSG 2221 @!@!@
@!@!@STARTMSG 2221:0 @!@!@
  line 612, col 19 to line 612, col 46 of module KubeAPI: 673
@!@!@ENDMSG 2221 @!@!@
@!@!@STARTMSG 2221:0 @!@!@
  line 613, col 24 to line 613, col 58 of module KubeAPI: 247
@!@!@ENDMSG 2221 @!@!@
@!@!@STARTMSG 2221:0 @!@!@
  line 614, col 24 to line 614, col 58 of module KubeAPI: 426
@!@!@ENDMSG 2221 @!@!@
@!@!@STARTMSG 2221:0 @!@!@
  line 615, col 16 to line 616, col 52 of module KubeAPI: 673
@!@!@ENDMSG 2221 @!@!@
@!@!@STARTMSG 2772:0 @!@!@
<C6 line 618, col 1 to line 618, col 8 of module KubeAPI>: 317:426
@!@!@ENDMSG 2772 @!@!@
@!@!@STARTMSG 2221:0 @!@!@
  line 618, col 16 to line 618, col 30 of module KubeAPI: 163834
@!@!@ENDMSG 2221 @!@!@
@!@!@STARTMSG 2221:0 @!@!@
  |line 618, col 16 to line 618, col 23 of module KubeAPI: 163408
@!@!@ENDMSG 2221 @!@!@
@!@!@STARTMSG 2221:0 @!@!@
  line 619, col 16 to line 627, col 59 of module KubeAPI: 426
@!@!@ENDMSG 2221 @!@!@
@!@!@STARTMSG 2221:0 @!@!@
  line 628, col 16 to line 629, col 46 of module KubeAPI: 426
@!@!@ENDMSG 2221 @!@!@
@!@!@STARTMSG 2772:0 @!@!@
<C7 line 631, col 1 to line 631, col 8 of module KubeAPI>: 502:708
@!@!@ENDMSG 2772 @!@!@
@!@!@STARTMSG 2221:0 @!@!@
  line 631, col 16 to line 631, col 30 of module KubeAPI: 164116
@!@!@ENDMSG 2221 @!@!@
@!@!@STARTMSG 2221:0 @!@!@
  |line 631, col 16 to line 631, col 23 of module KubeAPI: 163408
@!@!@ENDMSG 2221 @!@!@
@!@!@STARTMSG 2221:0 @!@!@
  line 632, col 19 to line 632, col 90 of module KubeAPI: 708
@!@!@ENDMSG 2221 @!@!@
@!@!@STARTMSG 2221:0 @!@!@
  |line 632, col 19 to line 632, col 46 of module KubeAPI: 708
@!@!@ENDMSG 2221 @!@!@
@!@!@STARTMSG 2221:0 @!@!@
  |line 632, col 51 to line 632, col 90 of module KubeAPI: 236
@!@!@ENDMSG 2221 @!@!@
@!@!@STARTMSG 2221:0 @!@!@
  line 633, col 24 to line 633, col 62 of module KubeAPI: 472
@!@!@ENDMSG 2221 @!@!@
@!@!@STARTMSG 2221:0 @!@!@
  line 634, col 24 to line 634, col 58 of module KubeAPI: 236
@!@!@ENDMSG 2221 @!@!@
@!@!@STARTMSG 2221:0 @!@!@
  line 635, col 16 to line 636, col 52 of module KubeAPI: 708
@!@!@ENDMSG 2221 @!@!@
@!@!@STARTMSG 2772:0 @!@!@
<C4 line 638, col 1 to line 638, col 8 of module KubeAPI>: 307:483
@!@!@ENDMSG 2772 @!@!@
@!@!@STARTMSG 2221:0 @!@!@
  line 638, col 16 to line 638, col 30 of module KubeAPI: 163891
@!@!@ENDMSG 2221 @!@!@
@!@!@STARTMSG 2221:0 @!@!@
  |line 638, col 16 to line 638, col 23 of module KubeAPI: 163408
@!@!@ENDMSG 2221 @!@!@
@!@!@STARTMSG 2221:0 @!@!@
  line 639, col 16 to line 640, col 68 of module KubeAPI: 483
@!@!@ENDMSG 2221 @!@!@
@!@!@STARTMSG 2221:0 @!@!@
  |line 639, col 23 to line 639, col 66 of module KubeAPI: 483
@!@!@ENDMSG 2221 @!@!@
@!@!@STARTMSG 2221:0 @!@!@
  ||line 639, col 24 to line 639, col 66 of module KubeAPI: 483
@!@!@ENDMSG 2221 @!@!@
@!@!@STARTMSG 2221:0 @!@!@
  |||line 410, col 22 to line 410, col 59 of module KubeAPI: 483
@!@!@ENDMSG 2221 @!@!@
@!@!@STARTMSG 2221:0 @!@!@
  ||||line 410, col 41 to line 410, col 59 of module KubeAPI: 472
@!@!@ENDMSG 2221 @!@!@
@!@!@STARTMSG 2221:0 @!@!@
  ||||line 410, col 31 to line 410, col 38 of module KubeAPI: 483
@!@!@ENDMSG 2221 @!@!@
@!@!@STARTMSG 2221:0 @!@!@
  |||line 639, col 37 to line 639, col 65 of module KubeAPI: 472
@!@!@ENDMSG 2221 @!@!@
@!@!@STARTMSG 2221:0 @!@!@
  line 641, col 16 to line 641, col 47 of module KubeAPI: 483
@!@!@ENDMSG 2221 @!@!@
@!@!@STARTMSG 2221:0 @!@!@
  line 642, col 16 to line 643, col 52 of module KubeAPI: 483
@!@!@ENDMSG 2221 @!@!@
@!@!@STARTMSG 2772:0 @!@!@
<C5 line 645, col 1 to line 645, col 8 of module KubeAPI>: 857:1253
@!@!@ENDMSG 2772 @!@!@
@!@!@STARTMSG 2221:0 @!@!@
  line 645, col 16 to line 645, col 30 of module KubeAPI: 164661
@!@!@ENDMSG 2221 @!@!@
@!@!@STARTMSG 2221:0 @!@!@
  |line 645, col 16 to line 645, col 23 of module KubeAPI: 163408
@!@!@ENDMSG 2221 @!@!@
@!@!@STARTMSG 2221:0 @!@!@
  line 646, col 16 to line 646, col 51 of module KubeAPI: 1253
@!@!@ENDMSG 2221 @!@!@
@!@!@STARTMSG 2221:0 @!@!@
  line 647, col 16 to line 648, col 52 of module KubeAPI: 1253
@!@!@ENDMSG 2221 @!@!@
@!@!@STARTMSG 2772:0 @!@!@
<PVCStart line 655, col 1 to line 655, col 14 of module KubeAPI>: 14398:25217
@!@!@ENDMSG 2772 @!@!@
@!@!@STARTMSG 2221:0 @!@!@
  line 655, col 22 to line 655, col 42 of module KubeAPI: 188625
@!@!@ENDMSG 2221 @!@!@
@!@!@STARTMSG 2221:0 @!@!@
  |line 655, col 22 to line 655, col 29 of module KubeAPI: 163408
@!@!@ENDMSG 2221 @!@!@
@!@!@STARTMSG 2221:0 @!@!@
  line 656, col 22 to line 660, col 73 of module KubeAPI: 25217
@!@!@ENDMSG 2221 @!@!@
@!@!@STARTMSG 2221:0 @!@!@
  line 661, col 22 to line 661, col 64 of module KubeAPI: 25217
@!@!@ENDMSG 2221 @!@!@
@!@!@STARTMSG 2221:0 @!@!@
  line 662, col 22 to line 663, col 52 of module KubeAPI: 25217
@!@!@ENDMSG 2221 @!@!@
@!@!@STARTMSG 2772:0 @!@!@
<PVCListedPVCs line 665, col 1 to line 665, col 19 of module KubeAPI>: 13306:33946
@!@!@ENDMSG 2772 @!@!@
@!@!@STARTMSG 2221:0 @!@!@
  line 665, col 27 to line 665, col 52 of module KubeAPI: 197354
@!@!@ENDMSG 2221 @!@!@
@!@!@STARTMSG 2221:0 @!@!@
  |line 665, col 27 to line 665, col 34 of module KubeAPI: 163408
@!@!@ENDMSG 2221 @!@!@
@!@!@STARTMSG 2221:0 @!@!@
  line 666, col 30 to line 667, col 85 of module KubeAPI: 33946
@!@!@ENDMSG 2221 @!@!@
@!@!@STARTMSG 2221:0 @!@!@
  |line 666, col 33 to line 666, col 64 of module KubeAPI: 33946
@!@!@ENDMSG 2221 @!@!@
@!@!@STARTMSG 2221:0 @!@!@
  |line 667, col 33 to line 667, col 85 of module KubeAPI: 25354
@!@!@ENDMSG 2221 @!@!@
@!@!@STARTMSG 2221:0 @!@!@
  ||line 667, col 33 to line 667, col 80 of module KubeAPI: 25354
@!@!@ENDMSG 2221 @!@!@
@!@!@STARTMSG 2221:0 @!@!@
  |||line 667, col 65 to line 667, col 79 of module KubeAPI: 25147
@!@!@ENDMSG 2221 @!@!@
@!@!@STARTMSG 2221:0 @!@!@
  ||||line 444, col 22 to line 446, col 58 of module KubeAPI: 25147
@!@!@ENDMSG 2221 @!@!@
@!@!@STARTMSG 2221:0 @!@!@
  |||||line 444, col 25 to line 444, col 37 of module KubeAPI: 25147
@!@!@ENDMSG 2221 @!@!@
@!@!@STARTMSG 2221:0 @!@!@
  |||||line 445, col 25 to line 446, col 58 of module KubeAPI: 25147
@!@!@ENDMSG 2221 @!@!@
@!@!@STARTMSG 2221:0 @!@!@
  ||||||line 445, col 28 to line 445, col 51 of module KubeAPI: 25147
@!@!@ENDMSG 2221 @!@!@
@!@!@STARTMSG 2221:0 @!@!@
  ||||||line 446, col 28 to line 446, col 58 of module KubeAPI: 11688
@!@!@ENDMSG 2221 @!@!@
@!@!@STARTMSG 2221:0 @!@!@
  ||||line 667, col 78 to line 667, col 78 of module KubeAPI: 25147
@!@!@ENDMSG 2221 @!@!@
@!@!@STARTMSG 2221:0 @!@!@
  |||line 667, col 40 to line 667, col 62 of module KubeAPI: 25354
@!@!@ENDMSG 2221 @!@!@
@!@!@STARTMSG 2221:0 @!@!@
  ||line 667, col 84 to line 667, col 85 of module KubeAPI: 25354
@!@!@ENDMSG 2221 @!@!@
@!@!@STARTMSG 2221:0 @!@!@
  line 668, col 35 to line 668, col 75 of module KubeAPI: 20487
@!@!@ENDMSG 2221 @!@!@
@!@!@STARTMSG 2221:0 @!@!@
  line 669, col 35 to line 669, col 78 of module KubeAPI: 13459
@!@!@ENDMSG 2221 @!@!@
@!@!@STARTMSG 2221:0 @!@!@
  line 670, col 27 to line 671, col 72 of module KubeAPI: 33946
@!@!@ENDMSG 2221 @!@!@
@!@!@STARTMSG 2772:0 @!@!@
<PVCHavePVCs line 673, col 1 to line 673, col 17 of module KubeAPI>: 6460:13459
@!@!@ENDMSG 2772 @!@!@
@!@!@STARTMSG 2221:0 @!@!@
  line 673, col 25 to line 673, col 48 of module KubeAPI: 176867
@!@!@ENDMSG 2221 @!@!@
@!@!@STARTMSG 2221:0 @!@!@
  |line 673, col 25 to line 673, col 32 of module KubeAPI: 163408
@!@!@ENDMSG 2221 @!@!@
@!@!@STARTMSG 2221:0 @!@!@
  line 674, col 25 to line 686, col 70 of module KubeAPI: 13459
@!@!@ENDMSG 2221 @!@!@
@!@!@STARTMSG 2221:0 @!@!@
  line 687, col 25 to line 688, col 55 of module KubeAPI: 13459
@!@!@ENDMSG 2221 @!@!@
@!@!@STARTMSG 2772:0 @!@!@
<PVCDone line 690, col 1 to line 690, col 13 of module KubeAPI>: 1766:4523
@!@!@ENDMSG 2772 @!@!@
@!@!@STARTMSG 2221:0 @!@!@
  line 690, col 21 to line 690, col 40 of module KubeAPI: 167931
@!@!@ENDMSG 2221 @!@!@
@!@!@STARTMSG 2221:0 @!@!@
  |line 690, col 21 to line 690, col 28 of module KubeAPI: 163408
@!@!@ENDMSG 2221 @!@!@
@!@!@STARTMSG 2221:0 @!@!@
  line 691, col 21 to line 691, col 58 of module KubeAPI: 4523
@!@!@ENDMSG 2221 @!@!@
@!@!@STARTMSG 2221:0 @!@!@
  line 692, col 21 to line 693, col 62 of module KubeAPI: 4523
@!@!@ENDMSG 2221 @!@!@
@!@!@STARTMSG 2772:0 @!@!@
<APIStart line 698, col 1 to line 698, col 14 of module KubeAPI>: 18152:27059
@!@!@ENDMSG 2772 @!@!@
@!@!@STARTMSG 2221:0 @!@!@
  line 698, col 22 to line 698, col 42 of module KubeAPI: 189457
@!@!@ENDMSG 2221 @!@!@
@!@!@STARTMSG 2221:0 @!@!@
  |line 698, col 22 to line 698, col 29 of module KubeAPI: 163408
@!@!@ENDMSG 2221 @!@!@
@!@!@STARTMSG 2221:0 @!@!@
  line 700, col 33 to line 700, col 57 of module KubeAPI: 17794
@!@!@ENDMSG 2221 @!@!@
@!@!@STARTMSG 2221:0 @!@!@
  line 702, col 52 to line 702, col 102 of module KubeAPI: 0
@!@!@ENDMSG 2221 @!@!@
@!@!@STARTMSG 2221:0 @!@!@
  line 703, col 52 to line 703, col 69 of module KubeAPI: 0
@!@!@ENDMSG 2221 @!@!@
@!@!@STARTMSG 2221:0 @!@!@
  line 704, col 52 to line 704, col 103 of module KubeAPI: 0
@!@!@ENDMSG 2221 @!@!@
@!@!@STARTMSG 2221:0 @!@!@
  line 705, col 52 to line 705, col 99 of module KubeAPI: 0
@!@!@ENDMSG 2221 @!@!@
@!@!@STARTMSG 2221:0 @!@!@
  line 706, col 44 to line 706, col 67 of module KubeAPI: 17794
@!@!@ENDMSG 2221 @!@!@
@!@!@STARTMSG 2221:0 @!@!@
  line 707, col 55 to line 707, col 104 of module KubeAPI: 13373
@!@!@ENDMSG 2221 @!@!@
@!@!@STARTMSG 2221:0 @!@!@
  |line 707, col 74 to line 707, col 104 of module KubeAPI: 19564
@!@!@ENDMSG 2221 @!@!@
@!@!@STARTMSG 2221:0 @!@!@
  ||line 390, col 24 to line 390, col 49 of module KubeAPI: 19564
@!@!@ENDMSG 2221 @!@!@
@!@!@STARTMSG 2221:0 @!@!@
  |||line 390, col 24 to line 390, col 34 of module KubeAPI: 19564
@!@!@ENDMSG 2221 @!@!@
@!@!@STARTMSG 2221:0 @!@!@
  |||line 390, col 39 to line 390, col 49 of module KubeAPI: 12835
@!@!@ENDMSG 2221 @!@!@
@!@!@STARTMSG 2221:0 @!@!@
  ||line 707, col 86 to line 707, col 86 of module KubeAPI: 19564
@!@!@ENDMSG 2221 @!@!@
@!@!@STARTMSG 2221:0 @!@!@
  ||line 707, col 89 to line 707, col 103 of module KubeAPI: 19564
@!@!@ENDMSG 2221 @!@!@
@!@!@STARTMSG 2221:0 @!@!@
  |line 707, col 64 to line 707, col 71 of module KubeAPI: 13373
@!@!@ENDMSG 2221 @!@!@
@!@!@STARTMSG 2221:0 @!@!@
  line 708, col 63 to line 713, col 91 of module KubeAPI: 12835
@!@!@ENDMSG 2221 @!@!@
@!@!@STARTMSG 2775:0 @!@!@
  |line 708, col 83 to line 713, col 91 of module KubeAPI: 12835:824240
@!@!@ENDMSG 2775 @!@!@
@!@!@STARTMSG 2221:0 @!@!@
  ||line 709, col 75 to line 712, col 79 of module KubeAPI: 25637
@!@!@ENDMSG 2221 @!@!@
@!@!@STARTMSG 2221:0 @!@!@
  |||line 709, col 78 to line 709, col 108 of module KubeAPI: 25637
@!@!@ENDMSG 2221 @!@!@
@!@!@STARTMSG 2221:0 @!@!@
  ||||line 390, col 24 to line 390, col 49 of module KubeAPI: 25637
@!@!@ENDMSG 2221 @!@!@
@!@!@STARTMSG 2221:0 @!@!@
  |||||line 390, col 24 to line 390, col 34 of module KubeAPI: 25637
@!@!@ENDMSG 2221 @!@!@
@!@!@STARTMSG 2221:0 @!@!@
  |||||line 390, col 39 to line 390, col 49 of module KubeAPI: 12835
@!@!@ENDMSG 2221 @!@!@
@!@!@STARTMSG 2221:0 @!@!@
  ||||line 709, col 90 to line 709, col 90 of module KubeAPI: 25637
@!@!@ENDMSG 2221 @!@!@
@!@!@STARTMSG 2221:0 @!@!@
  ||||line 709, col 93 to line 709, col 107 of module KubeAPI: 25637
@!@!@ENDMSG 2221 @!@!@
@!@!@STARTMSG 2221:0 @!@!@
  |||line 710, col 79 to line 710, col 100 of module KubeAPI: 12835
@!@!@ENDMSG 2221 @!@!@
@!@!@STARTMSG 2221:0 @!@!@
  |||line 712, col 79 to line 712, col 79 of module KubeAPI: 12802
@!@!@ENDMSG 2221 @!@!@
@!@!@STARTMSG 2221:0 @!@!@
  ||line 713, col 83 to line 713, col 90 of module KubeAPI: 12835
@!@!@ENDMSG 2221 @!@!@
@!@!@STARTMSG 2221:0 @!@!@
  line 714, col 60 to line 714, col 114 of module KubeAPI: 538
@!@!@ENDMSG 2221 @!@!@
@!@!@STARTMSG 2221:0 @!@!@
  line 715, col 52 to line 715, col 99 of module KubeAPI: 13373
@!@!@ENDMSG 2221 @!@!@
@!@!@STARTMSG 2221:0 @!@!@
  line 716, col 55 to line 716, col 76 of module KubeAPI: 4421
@!@!@ENDMSG 2221 @!@!@
@!@!@STARTMSG 2221:0 @!@!@
  line 717, col 66 to line 717, col 115 of module KubeAPI: 2620
@!@!@ENDMSG 2221 @!@!@
@!@!@STARTMSG 2221:0 @!@!@
  |line 717, col 85 to line 717, col 115 of module KubeAPI: 5240
@!@!@ENDMSG 2221 @!@!@
@!@!@STARTMSG 2221:0 @!@!@
  ||line 390, col 24 to line 390, col 49 of module KubeAPI: 5240
@!@!@ENDMSG 2221 @!@!@
@!@!@STARTMSG 2221:0 @!@!@
  |||line 390, col 24 to line 390, col 34 of module KubeAPI: 5240
@!@!@ENDMSG 2221 @!@!@
@!@!@STARTMSG 2221:0 @!@!@
  |||line 390, col 39 to line 390, col 49 of module KubeAPI: 2620
@!@!@ENDMSG 2221 @!@!@
@!@!@STARTMSG 2221:0 @!@!@
  ||line 717, col 97 to line 717, col 97 of module KubeAPI: 5240
@!@!@ENDMSG 2221 @!@!@
@!@!@STARTMSG 2221:0 @!@!@
  ||line 717, col 100 to line 717, col 114 of module KubeAPI: 5240
@!@!@ENDMSG 2221 @!@!@
@!@!@STARTMSG 2221:0 @!@!@
  |line 717, col 75 to line 717, col 82 of module KubeAPI: 2620
@!@!@ENDMSG 2221 @!@!@
@!@!@STARTMSG 2221:0 @!@!@
  line 718, col 74 to line 720, col 121 of module KubeAPI: 2620
@!@!@ENDMSG 2221 @!@!@
@!@!@STARTMSG 2221:0 @!@!@
  |line 718, col 86 to line 720, col 121 of module KubeAPI: 2620
@!@!@ENDMSG 2221 @!@!@
@!@!@STARTMSG 2221:0 @!@!@
  ||line 718, col 87 to line 718, col 94 of module KubeAPI: 2620
@!@!@ENDMSG 2221 @!@!@
@!@!@STARTMSG 2221:0 @!@!@
  ||line 718, col 103 to line 719, col 145 of module KubeAPI: 2620
@!@!@ENDMSG 2221 @!@!@
@!@!@STARTMSG 2221:0 @!@!@
  ||line 718, col 114 to line 719, col 145 of module KubeAPI: 2620
@!@!@ENDMSG 2221 @!@!@
@!@!@STARTMSG 2221:0 @!@!@
  |||line 719, col 115 to line 719, col 145 of module KubeAPI: 5240
@!@!@ENDMSG 2221 @!@!@
@!@!@STARTMSG 2221:0 @!@!@
  ||||line 390, col 24 to line 390, col 49 of module KubeAPI: 5240
@!@!@ENDMSG 2221 @!@!@
@!@!@STARTMSG 2221:0 @!@!@
  |||||line 390, col 24 to line 390, col 34 of module KubeAPI: 5240
@!@!@ENDMSG 2221 @!@!@
@!@!@STARTMSG 2221:0 @!@!@
  |||||line 390, col 39 to line 390, col 49 of module KubeAPI: 2620
@!@!@ENDMSG 2221 @!@!@
@!@!@STARTMSG 2221:0 @!@!@
  ||||line 719, col 127 to line 719, col 127 of module KubeAPI: 5240
@!@!@ENDMSG 2221 @!@!@
@!@!@STARTMSG 2221:0 @!@!@
  ||||line 719, col 130 to line 719, col 144 of module KubeAPI: 5240
@!@!@ENDMSG 2221 @!@!@
@!@!@STARTMSG 2221:0 @!@!@
  |||line 718, col 127 to line 718, col 134 of module KubeAPI: 2620
@!@!@ENDMSG 2221 @!@!@
@!@!@STARTMSG 2221:0 @!@!@
  ||line 720, col 103 to line 720, col 120 of module KubeAPI: 2620
@!@!@ENDMSG 2221 @!@!@
@!@!@STARTMSG 2221:0 @!@!@
  line 721, col 74 to line 726, col 102 of module KubeAPI: 2620
@!@!@ENDMSG 2221 @!@!@
@!@!@STARTMSG 2775:0 @!@!@
  |line 721, col 94 to line 726, col 102 of module KubeAPI: 2620:421190
@!@!@ENDMSG 2775 @!@!@
@!@!@STARTMSG 2221:0 @!@!@
  ||line 722, col 86 to line 725, col 90 of module KubeAPI: 5240
@!@!@ENDMSG 2221 @!@!@
@!@!@STARTMSG 2221:0 @!@!@
  |||line 722, col 89 to line 722, col 120 of module KubeAPI: 5240
@!@!@ENDMSG 2221 @!@!@
@!@!@STARTMSG 2221:0 @!@!@
  ||||line 390, col 24 to line 390, col 49 of module KubeAPI: 5240
@!@!@ENDMSG 2221 @!@!@
@!@!@STARTMSG 2221:0 @!@!@
  |||||line 390, col 24 to line 390, col 34 of module KubeAPI: 5240
@!@!@ENDMSG 2221 @!@!@
@!@!@STARTMSG 2221:0 @!@!@
  |||||line 390, col 39 to line 390, col 49 of module KubeAPI: 2620
@!@!@ENDMSG 2221 @!@!@
@!@!@STARTMSG 2221:0 @!@!@
  ||||line 722, col 101 to line 722, col 101 of module KubeAPI: 5240
@!@!@ENDMSG 2221 @!@!@
@!@!@STARTMSG 2221:0 @!@!@
  ||||line 722, col 104 to line 722, col 119 of module KubeAPI: 7860
@!@!@ENDMSG 2221 @!@!@
@!@!@STARTMSG 2221:0 @!@!@
  |||line 723, col 90 to line 723, col 99 of module KubeAPI: 2620
@!@!@ENDMSG 2221 @!@!@
@!@!@STARTMSG 2221:0 @!@!@
  |||line 725, col 90 to line 725, col 90 of module KubeAPI: 2620
@!@!@ENDMSG 2221 @!@!@
@!@!@STARTMSG 2221:0 @!@!@
  ||line 726, col 94 to line 726, col 101 of module KubeAPI: 2620
@!@!@ENDMSG 2221 @!@!@
@!@!@STARTMSG 2221:0 @!@!@
  line 727, col 74 to line 727, col 124 of module KubeAPI: 0
@!@!@ENDMSG 2221 @!@!@
@!@!@STARTMSG 2221:0 @!@!@
  line 728, col 74 to line 728, col 91 of module KubeAPI: 0
@!@!@ENDMSG 2221 @!@!@
@!@!@STARTMSG 2221:0 @!@!@
  line 729, col 66 to line 729, col 90 of module KubeAPI: 1801
@!@!@ENDMSG 2221 @!@!@
@!@!@STARTMSG 2221:0 @!@!@
  line 730, col 74 to line 730, col 135 of module KubeAPI: 236
@!@!@ENDMSG 2221 @!@!@
@!@!@STARTMSG 2775:0 @!@!@
  |line 730, col 86 to line 730, col 135 of module KubeAPI: 236:30331
@!@!@ENDMSG 2775 @!@!@
@!@!@STARTMSG 2221:0 @!@!@
  ||line 730, col 103 to line 730, col 134 of module KubeAPI: 472
@!@!@ENDMSG 2221 @!@!@
@!@!@STARTMSG 2221:0 @!@!@
  |||line 730, col 104 to line 730, col 134 of module KubeAPI: 472
@!@!@ENDMSG 2221 @!@!@
@!@!@STARTMSG 2221:0 @!@!@
  ||||line 390, col 24 to line 390, col 49 of module KubeAPI: 472
@!@!@ENDMSG 2221 @!@!@
@!@!@STARTMSG 2221:0 @!@!@
  |||||line 390, col 24 to line 390, col 34 of module KubeAPI: 472
@!@!@ENDMSG 2221 @!@!@
@!@!@STARTMSG 2221:0 @!@!@
  |||||line 390, col 39 to line 390, col 49 of module KubeAPI: 236
@!@!@ENDMSG 2221 @!@!@
@!@!@STARTMSG 2221:0 @!@!@
  ||||line 730, col 116 to line 730, col 116 of module KubeAPI: 472
@!@!@ENDMSG 2221 @!@!@
@!@!@STARTMSG 2221:0 @!@!@
  ||||line 730, col 119 to line 730, col 133 of module KubeAPI: 472
@!@!@ENDMSG 2221 @!@!@
@!@!@STARTMSG 2221:0 @!@!@
  ||line 730, col 93 to line 730, col 100 of module KubeAPI: 236
@!@!@ENDMSG 2221 @!@!@
@!@!@STARTMSG 2221:0 @!@!@
  line 731, col 74 to line 731, col 121 of module KubeAPI: 236
@!@!@ENDMSG 2221 @!@!@
@!@!@STARTMSG 2221:0 @!@!@
  line 732, col 77 to line 732, col 101 of module KubeAPI: 1565
@!@!@ENDMSG 2221 @!@!@
@!@!@STARTMSG 2221:0 @!@!@
  line 733, col 88 to line 733, col 156 of module KubeAPI: 1565
@!@!@ENDMSG 2221 @!@!@
@!@!@STARTMSG 2221:0 @!@!@
  |line 733, col 108 to line 733, col 155 of module KubeAPI: 3130
@!@!@ENDMSG 2221 @!@!@
@!@!@STARTMSG 2221:0 @!@!@
  ||line 733, col 108 to line 733, col 138 of module KubeAPI: 3130
@!@!@ENDMSG 2221 @!@!@
@!@!@STARTMSG 2221:0 @!@!@
  |||line 390, col 24 to line 390, col 49 of module KubeAPI: 3130
@!@!@ENDMSG 2221 @!@!@
@!@!@STARTMSG 2221:0 @!@!@
  ||||line 390, col 24 to line 390, col 34 of module KubeAPI: 3130
@!@!@ENDMSG 2221 @!@!@
@!@!@STARTMSG 2221:0 @!@!@
  ||||line 390, col 39 to line 390, col 49 of module KubeAPI: 1565
@!@!@ENDMSG 2221 @!@!@
@!@!@STARTMSG 2221:0 @!@!@
  |||line 733, col 120 to line 733, col 120 of module KubeAPI: 3130
@!@!@ENDMSG 2221 @!@!@
@!@!@STARTMSG 2221:0 @!@!@
  |||line 733, col 123 to line 733, col 137 of module KubeAPI: 3130
@!@!@ENDMSG 2221 @!@!@
@!@!@STARTMSG 2221:0 @!@!@
  ||line 733, col 143 to line 733, col 155 of module KubeAPI: 1565
@!@!@ENDMSG 2221 @!@!@
@!@!@STARTMSG 2221:0 @!@!@
  |line 733, col 97 to line 733, col 104 of module KubeAPI: 1565
@!@!@ENDMSG 2221 @!@!@
@!@!@STARTMSG 2221:0 @!@!@
  line 734, col 96 to line 736, col 131 of module KubeAPI: 685
@!@!@ENDMSG 2221 @!@!@
@!@!@STARTMSG 2221:0 @!@!@
  |line 734, col 108 to line 736, col 131 of module KubeAPI: 685
@!@!@ENDMSG 2221 @!@!@
@!@!@STARTMSG 2221:0 @!@!@
  ||line 734, col 108 to line 734, col 157 of module KubeAPI: 685
@!@!@ENDMSG 2221 @!@!@
@!@!@STARTMSG 2221:0 @!@!@
  |||line 734, col 125 to line 734, col 156 of module KubeAPI: 1370
@!@!@ENDMSG 2221 @!@!@
@!@!@STARTMSG 2221:0 @!@!@
  ||||line 734, col 126 to line 734, col 156 of module KubeAPI: 1370
@!@!@ENDMSG 2221 @!@!@
@!@!@STARTMSG 2221:0 @!@!@
  |||||line 390, col 24 to line 390, col 49 of module KubeAPI: 1370
@!@!@ENDMSG 2221 @!@!@
@!@!@STARTMSG 2221:0 @!@!@
  ||||||line 390, col 24 to line 390, col 34 of module KubeAPI: 1370
@!@!@ENDMSG 2221 @!@!@
@!@!@STARTMSG 2221:0 @!@!@
  ||||||line 390, col 39 to line 390, col 49 of module KubeAPI: 685
@!@!@ENDMSG 2221 @!@!@
@!@!@STARTMSG 2221:0 @!@!@
  |||||line 734, col 138 to line 734, col 138 of module KubeAPI: 1370
@!@!@ENDMSG 2221 @!@!@
@!@!@STARTMSG 2221:0 @!@!@
  |||||line 734, col 141 to line 734, col 155 of module KubeAPI: 1370
@!@!@ENDMSG 2221 @!@!@
@!@!@STARTMSG 2221:0 @!@!@
  |||line 734, col 115 to line 734, col 122 of module KubeAPI: 685
@!@!@ENDMSG 2221 @!@!@
@!@!@STARTMSG 2775:0 @!@!@
  ||line 736, col 108 to line 736, col 131 of module KubeAPI: 685:1370
@!@!@ENDMSG 2775 @!@!@
@!@!@STARTMSG 2221:0 @!@!@
  line 737, col 96 to line 737, col 143 of module KubeAPI: 685
@!@!@ENDMSG 2221 @!@!@
@!@!@STARTMSG 2221:0 @!@!@
  line 738, col 96 to line 738, col 146 of module KubeAPI: 880
@!@!@ENDMSG 2221 @!@!@
@!@!@STARTMSG 2221:0 @!@!@
  line 739, col 96 to line 739, col 113 of module KubeAPI: 880
@!@!@ENDMSG 2221 @!@!@
@!@!@STARTMSG 2221:0 @!@!@
  line 742, col 85 to line 743, col 108 of module KubeAPI: 0
@!@!@ENDMSG 2221 @!@!@
@!@!@STARTMSG 2221:0 @!@!@
  line 699, col 37 to line 699, col 50 of module KubeAPI: 163408
@!@!@ENDMSG 2221 @!@!@
@!@!@STARTMSG 2775:0 @!@!@
  |line 441, col 19 to line 441, col 73 of module KubeAPI: 163408:181202
@!@!@ENDMSG 2775 @!@!@
@!@!@STARTMSG 2221:0 @!@!@
  ||line 441, col 43 to line 441, col 72 of module KubeAPI: 319820
@!@!@ENDMSG 2221 @!@!@
@!@!@STARTMSG 2221:0 @!@!@
  ||line 441, col 26 to line 441, col 40 of module KubeAPI: 163408
@!@!@ENDMSG 2221 @!@!@
@!@!@STARTMSG 2221:0 @!@!@
  line 744, col 28 to line 744, col 49 of module KubeAPI: 17794
@!@!@ENDMSG 2221 @!@!@
@!@!@STARTMSG 2221:0 @!@!@
  line 746, col 33 to line 747, col 88 of module KubeAPI: 9265
@!@!@ENDMSG 2221 @!@!@
@!@!@STARTMSG 2221:0 @!@!@
  |line 746, col 49 to line 747, col 88 of module KubeAPI: 9265
@!@!@ENDMSG 2221 @!@!@
@!@!@STARTMSG 2221:0 @!@!@
  ||line 746, col 50 to line 746, col 61 of module KubeAPI: 9265
@!@!@ENDMSG 2221 @!@!@
@!@!@STARTMSG 2221:0 @!@!@
  ||line 746, col 70 to line 746, col 125 of module KubeAPI: 9265
@!@!@ENDMSG 2221 @!@!@
@!@!@STARTMSG 2775:0 @!@!@
  ||line 746, col 82 to line 746, col 125 of module KubeAPI: 9265:480221
@!@!@ENDMSG 2775 @!@!@
@!@!@STARTMSG 2221:0 @!@!@
  |||line 746, col 99 to line 746, col 124 of module KubeAPI: 17604
@!@!@ENDMSG 2221 @!@!@
@!@!@STARTMSG 2221:0 @!@!@
  |||line 746, col 89 to line 746, col 96 of module KubeAPI: 9265
@!@!@ENDMSG 2221 @!@!@
@!@!@STARTMSG 2221:0 @!@!@
  ||line 747, col 70 to line 747, col 87 of module KubeAPI: 9265
@!@!@ENDMSG 2221 @!@!@
@!@!@STARTMSG 2221:0 @!@!@
  line 748, col 33 to line 753, col 61 of module KubeAPI: 9265
@!@!@ENDMSG 2221 @!@!@
@!@!@STARTMSG 2775:0 @!@!@
  |line 748, col 53 to line 753, col 61 of module KubeAPI: 9265:806418
@!@!@ENDMSG 2775 @!@!@
@!@!@STARTMSG 2221:0 @!@!@
  ||line 749, col 45 to line 752, col 49 of module KubeAPI: 17604
@!@!@ENDMSG 2221 @!@!@
@!@!@STARTMSG 2221:0 @!@!@
  |||line 749, col 48 to line 749, col 74 of module KubeAPI: 17604
@!@!@ENDMSG 2221 @!@!@
@!@!@STARTMSG 2221:0 @!@!@
  |||line 750, col 49 to line 750, col 58 of module KubeAPI: 8943
@!@!@ENDMSG 2221 @!@!@
@!@!@STARTMSG 2221:0 @!@!@
  |||line 752, col 49 to line 752, col 49 of module KubeAPI: 8661
@!@!@ENDMSG 2221 @!@!@
@!@!@STARTMSG 2221:0 @!@!@
  ||line 753, col 53 to line 753, col 60 of module KubeAPI: 9265
@!@!@ENDMSG 2221 @!@!@
@!@!@STARTMSG 2221:0 @!@!@
  line 745, col 37 to line 745, col 54 of module KubeAPI: 163408
@!@!@ENDMSG 2221 @!@!@
@!@!@STARTMSG 2775:0 @!@!@
  |line 442, col 23 to line 442, col 85 of module KubeAPI: 163408:172673
@!@!@ENDMSG 2775 @!@!@
@!@!@STARTMSG 2221:0 @!@!@
  ||line 442, col 51 to line 442, col 84 of module KubeAPI: 295970
@!@!@ENDMSG 2221 @!@!@
@!@!@STARTMSG 2221:0 @!@!@
  ||line 442, col 30 to line 442, col 48 of module KubeAPI: 163408
@!@!@ENDMSG 2221 @!@!@
@!@!@STARTMSG 2221:0 @!@!@
  line 754, col 28 to line 754, col 45 of module KubeAPI: 9265
@!@!@ENDMSG 2221 @!@!@
@!@!@STARTMSG 2221:0 @!@!@
  line 755, col 22 to line 755, col 59 of module KubeAPI: 27059
@!@!@ENDMSG 2221 @!@!@
@!@!@STARTMSG 2221:0 @!@!@
  line 756, col 22 to line 756, col 74 of module KubeAPI: 27059
@!@!@ENDMSG 2221 @!@!@
@!@!@STARTMSG 2774:0 @!@!@
<TypeOK line 776, col 1 to line 776, col 6 of module KubeAPI>
@!@!@ENDMSG 2774 @!@!@
@!@!@STARTMSG 2221:0 @!@!@
  line 778, col 5 to line 781, col 72 of module KubeAPI: 163408
@!@!@ENDMSG 2221 @!@!@
@!@!@STARTMSG 2221:0 @!@!@
  |line 778, col 8 to line 778, col 45 of module KubeAPI: 163408
@!@!@ENDMSG 2221 @!@!@
@!@!@STARTMSG 2221:0 @!@!@
  ||line 778, col 27 to line 778, col 45 of module KubeAPI: 317368
@!@!@ENDMSG 2221 @!@!@
@!@!@STARTMSG 2221:0 @!@!@
  ||line 778, col 17 to line 778, col 24 of module KubeAPI: 163408
@!@!@ENDMSG 2221 @!@!@
@!@!@STARTMSG 2221:0 @!@!@
  |line 780, col 8 to line 780, col 60 of module KubeAPI: 163408
@!@!@ENDMSG 2221 @!@!@
@!@!@STARTMSG 2221:0 @!@!@
  ||line 780, col 34 to line 780, col 60 of module KubeAPI: 319820
@!@!@ENDMSG 2221 @!@!@
@!@!@STARTMSG 2221:0 @!@!@
  ||line 780, col 17 to line 780, col 31 of module KubeAPI: 163408
@!@!@ENDMSG 2221 @!@!@
@!@!@STARTMSG 2221:0 @!@!@
  |line 781, col 8 to line 781, col 72 of module KubeAPI: 163408
@!@!@ENDMSG 2221 @!@!@
@!@!@STARTMSG 2221:0 @!@!@
  ||line 781, col 38 to line 781, col 72 of module KubeAPI: 295970
@!@!@ENDMSG 2221 @!@!@
@!@!@STARTMSG 2221:0 @!@!@
  |||line 433, col 5 to line 436, col 29 of module KubeAPI: 295970
@!@!@ENDMSG 2221 @!@!@
@!@!@STARTMSG 2221:0 @!@!@
  ||||line 433, col 8 to line 433, col 44 of module KubeAPI: 295970
@!@!@ENDMSG 2221 @!@!@
@!@!@STARTMSG 2221:0 @!@!@
  ||||line 434, col 8 to line 435, col 39 of module KubeAPI: 295970
@!@!@ENDMSG 2221 @!@!@
@!@!@STARTMSG 2221:0 @!@!@
  |||||line 434, col 25 to line 435, col 39 of module KubeAPI: 184084
@!@!@ENDMSG 2221 @!@!@
@!@!@STARTMSG 2221:0 @!@!@
  |||||line 434, col 17 to line 434, col 22 of module KubeAPI: 295970
@!@!@ENDMSG 2221 @!@!@
@!@!@STARTMSG 2221:0 @!@!@
  ||||line 436, col 8 to line 436, col 29 of module KubeAPI: 295970
@!@!@ENDMSG 2221 @!@!@
@!@!@STARTMSG 2221:0 @!@!@
  |||line 781, col 57 to line 781, col 71 of module KubeAPI: 295970
@!@!@ENDMSG 2221 @!@!@
@!@!@STARTMSG 2221:0 @!@!@
  ||line 781, col 17 to line 781, col 35 of module KubeAPI: 163408
@!@!@ENDMSG 2221 @!@!@
@!@!@STARTMSG 2774:0 @!@!@
<OnlyOneVersion line 787, col 1 to line 787, col 14 of module KubeAPI>
@!@!@ENDMSG 2774 @!@!@
@!@!@STARTMSG 2221:0 @!@!@
  line 788, col 5 to line 789, col 51 of module KubeAPI: 163408
@!@!@ENDMSG 2221 @!@!@
@!@!@STARTMSG 2221:0 @!@!@
  |line 788, col 29 to line 789, col 51 of module KubeAPI: 626014
@!@!@ENDMSG 2221 @!@!@
@!@!@STARTMSG 2221:0 @!@!@
  ||line 788, col 32 to line 788, col 38 of module KubeAPI: 626014
@!@!@ENDMSG 2221 @!@!@
@!@!@STARTMSG 2221:0 @!@!@
  ||line 789, col 32 to line 789, col 51 of module KubeAPI: 308646
@!@!@ENDMSG 2221 @!@!@
@!@!@STARTMSG 2221:0 @!@!@
  |line 788, col 19 to line 788, col 26 of module KubeAPI: 163408
@!@!@ENDMSG 2221 @!@!@
@!@!@STARTMSG 2202:0 @!@!@
End of statistics.
@!@!@ENDMSG 2202 @!@!@
@!@!@STARTMSG 2200:0 @!@!@
Progress(124) at 2022-10-28 16:39:57: 577,736 states generated (3,511,005 s/min), 163,408 distinct states found (993,059 ds/min), 0 states left on queue.
@!@!@ENDMSG 2200 @!@!@
@!@!@STARTMSG 2199:0 @!@!@
577736 states generated, 163408 distinct states found, 0 states left on queue.
@!@!@ENDMSG 2199 @!@!@
@!@!@STARTMSG 2194:0 @!@!@
The depth of the complete state graph search is 124.
@!@!@ENDMSG 2194 @!@!@
@!@!@STARTMSG 2268:0 @!@!@
The average outdegree of the complete state graph is 1 (minimum is 0, the maximum 4 and the 95th percentile is 2).
@!@!@ENDMSG 2268 @!@!@
@!@!@STARTMSG 2186:0 @!@!@
Finished in 9875ms at (2022-10-28 16:39:57)
@!@!@ENDMSG 2186 @!@!@
